Watching for file changes with StatReloader
"GET /admin/catalog/category/ HTTP/1.1" 200 13951
"GET /admin/jsi18n/ HTTP/1.1" 200 17546
"GET /admin/catalog/subcategory/ HTTP/1.1" 200 41040
"GET /static/admin/img/icon-changelink.svg HTTP/1.1" 304 0
"GET /static/admin/img/icon-viewlink.svg HTTP/1.1" 304 0
"GET /admin/jsi18n/ HTTP/1.1" 200 17546
"GET /admin/catalog/product/ HTTP/1.1" 200 58434
"GET /media/product_images/asus.jpg HTTP/1.1" 304 0
"GET /media/product_images/audi.png HTTP/1.1" 304 0
"GET /media/product_images/bmw.png HTTP/1.1" 304 0
"GET /media/product_images/iphone14_gQCBstg.jpg HTTP/1.1" 304 0
"GET /media/product_images/iphone14.jpg HTTP/1.1" 304 0
"GET /media/product_images/iphone14_q57kRIr.jpg HTTP/1.1" 304 0
"GET /media/product_images/iphone14_W09ZoCt.jpg HTTP/1.1" 304 0
"GET /media/product_images/images.jpg HTTP/1.1" 304 0
"GET /media/product_images/images_X2UdIaT.jpg HTTP/1.1" 304 0
"GET /media/product_images/images_YE37Jmw.jpg HTTP/1.1" 304 0
"GET /admin/jsi18n/ HTTP/1.1" 200 17546
"GET /media/product_images/lenovo.jpg HTTP/1.1" 304 0
"GET /media/product_images/msi.jpg HTTP/1.1" 304 0
"GET /media/product_images/600014220551b0_SeXR6lf.webp HTTP/1.1" 304 0
"GET /media/product_images/pixel9pro.jpg HTTP/1.1" 304 0
"GET /media/product_images/tesla.jpg HTTP/1.1" 304 0
"GET /media/product_images/nissan.jpeg HTTP/1.1" 304 0
"GET /media/product_images/xiaomi.png HTTP/1.1" 304 0
"GET /admin/shopping/orders/ HTTP/1.1" 200 21903
"GET /static/admin/img/search.svg HTTP/1.1" 304 0
"GET /admin/jsi18n/ HTTP/1.1" 200 17546
"GET /admin/shopping/orders/ HTTP/1.1" 200 21903
"GET /admin/jsi18n/ HTTP/1.1" 200 17546
"GET /admin/shopping/orders/ HTTP/1.1" 200 21903
"GET /admin/jsi18n/ HTTP/1.1" 200 17546
"GET /admin/catalog/category/ HTTP/1.1" 200 13951
"GET /admin/jsi18n/ HTTP/1.1" 200 17546
